<?xml version="1.0" encoding="UTF-8"?>
<!-- Generated by org.testng.reporters.JUnitReportReporter -->
<testsuite skipped="0" hostname="Avinav-PC" name="Runner.TestRunner" tests="1" failures="0" timestamp="08 Jun 2021 04:15:24 GMT" time="84.709" errors="0">
  <testcase name="feature" time="84.709" classname="Runner.TestRunner"/>
</testsuite> <!-- Runner.TestRunner -->
